<?xml version="1.0" encoding="UTF-8"?>
<testsuite xmlns:xsi="http://www.w3.org/2001/XMLSchema-instance" xsi:noNamespaceSchemaLocation="https://maven.apache.org/surefire/maven-surefire-plugin/xsd/surefire-test-report.xsd" name="de.unidue.ltl.lugha.io.FullyDiacritizedWordCheckTest" time="0.069" tests="2" errors="0" skipped="0" failures="0">
  <properties>
    <property name="gopherProxySet" value="false"/>
    <property name="awt.toolkit" value="sun.lwawt.macosx.LWCToolkit"/>
    <property name="file.encoding.pkg" value="sun.io"/>
    <property name="java.specification.version" value="1.8"/>
    <property name="sun.cpu.isalist" value=""/>
    <property name="sun.jnu.encoding" value="UTF-8"/>
    <property name="java.class.path" value="/Users/toobee/Documents/Eclipse/lugha-tk/de.unidue.ltl.lugha/lugha-io/target/test-classes:/Users/toobee/Documents/Eclipse/lugha-tk/de.unidue.ltl.lugha/lugha-io/target/classes:/Users/toobee/.m2/repository/de/tudarmstadt/ukp/dkpro/core/de.tudarmstadt.ukp.dkpro.core.api.io-asl/1.10.0/de.tudarmstadt.ukp.dkpro.core.api.io-asl-1.10.0.jar:/Users/toobee/.m2/repository/org/apache/uima/uimafit-core/2.4.0/uimafit-core-2.4.0.jar:/Users/toobee/.m2/repository/commons-lang/commons-lang/2.6/commons-lang-2.6.jar:/Users/toobee/.m2/repository/commons-logging/commons-logging-api/1.1/commons-logging-api-1.1.jar:/Users/toobee/.m2/repository/org/springframework/spring-context/3.2.16.RELEASE/spring-context-3.2.16.RELEASE.jar:/Users/toobee/.m2/repository/org/springframework/spring-aop/3.2.16.RELEASE/spring-aop-3.2.16.RELEASE.jar:/Users/toobee/.m2/repository/aopalliance/aopalliance/1.0/aopalliance-1.0.jar:/Users/toobee/.m2/repository/org/springframework/spring-expression/3.2.16.RELEASE/spring-expression-3.2.16.RELEASE.jar:/Users/toobee/.m2/repository/org/springframework/spring-beans/3.2.16.RELEASE/spring-beans-3.2.16.RELEASE.jar:/Users/toobee/.m2/repository/org/apache/uima/uimaj-core/2.10.2/uimaj-core-2.10.2.jar:/Users/toobee/.m2/repository/org/springframework/spring-core/3.2.16.RELEASE/spring-core-3.2.16.RELEASE.jar:/Users/toobee/.m2/repository/commons-logging/commons-logging/1.1.3/commons-logging-1.1.3.jar:/Users/toobee/.m2/repository/commons-io/commons-io/2.6/commons-io-2.6.jar:/Users/toobee/.m2/repository/org/apache/commons/commons-lang3/3.8/commons-lang3-3.8.jar:/Users/toobee/.m2/repository/org/apache/ant/ant/1.10.2/ant-1.10.2.jar:/Users/toobee/.m2/repository/org/apache/ant/ant-launcher/1.10.2/ant-launcher-1.10.2.jar:/Users/toobee/.m2/repository/it/unimi/dsi/fastutil/7.0.13/fastutil-7.0.13.jar:/Users/toobee/.m2/repository/de/tudarmstadt/ukp/dkpro/core/de.tudarmstadt.ukp.dkpro.core.api.featurepath-asl/1.10.0/de.tudarmstadt.ukp.dkpro.core.api.featurepath-asl-1.10.0.jar:/Users/toobee/.m2/repository/de/tudarmstadt/ukp/dkpro/core/de.tudarmstadt.ukp.dkpro.core.api.resources-asl/1.10.0/de.tudarmstadt.ukp.dkpro.core.api.resources-asl-1.10.0.jar:/Users/toobee/.m2/repository/org/apache/commons/commons-compress/1.18/commons-compress-1.18.jar:/Users/toobee/.m2/repository/org/apache/maven/maven-model/3.0.5/maven-model-3.0.5.jar:/Users/toobee/.m2/repository/org/apache/ivy/ivy/2.4.0/ivy-2.4.0.jar:/Users/toobee/.m2/repository/org/codehaus/plexus/plexus-utils/2.0.6/plexus-utils-2.0.6.jar:/Users/toobee/.m2/repository/de/tudarmstadt/ukp/dkpro/core/de.tudarmstadt.ukp.dkpro.core.api.metadata-asl/1.10.0/de.tudarmstadt.ukp.dkpro.core.api.metadata-asl-1.10.0.jar:/Users/toobee/.m2/repository/org/apache/uima/uimaj-document-annotation/2.10.2/uimaj-document-annotation-2.10.2.jar:/Users/toobee/.m2/repository/de/tudarmstadt/ukp/dkpro/core/de.tudarmstadt.ukp.dkpro.core.api.segmentation-asl/1.10.0/de.tudarmstadt.ukp.dkpro.core.api.segmentation-asl-1.10.0.jar:/Users/toobee/.m2/repository/de/tudarmstadt/ukp/dkpro/core/de.tudarmstadt.ukp.dkpro.core.api.parameter-asl/1.10.0/de.tudarmstadt.ukp.dkpro.core.api.parameter-asl-1.10.0.jar:/Users/toobee/.m2/repository/eu/openminted/share/annotations/omtd-share-annotations-api/3.0.2.7/omtd-share-annotations-api-3.0.2.7.jar:/Users/toobee/.m2/repository/de/tudarmstadt/ukp/dkpro/core/de.tudarmstadt.ukp.dkpro.core.io.text-asl/1.10.0/de.tudarmstadt.ukp.dkpro.core.io.text-asl-1.10.0.jar:/Users/toobee/.m2/repository/com/ibm/icu/icu4j/61.1/icu4j-61.1.jar:/Users/toobee/Documents/Eclipse/lugha-tk/de.unidue.ltl.lugha/lugha-normalization/target/lugha-normalization-0.1.0-SNAPSHOT.jar:/Users/toobee/Documents/Eclipse/lugha-tk/de.unidue.ltl.lugha/lugha-core/target/lugha-core-0.1.0-SNAPSHOT.jar:/Users/toobee/.m2/repository/junit/junit/4.12/junit-4.12.jar:/Users/toobee/.m2/repository/org/hamcrest/hamcrest-core/1.3/hamcrest-core-1.3.jar:/Users/toobee/Documents/Eclipse/lugha-tk/de.unidue.ltl.lugha/lugha-transliteration/target/lugha-transliteration-0.1.0-SNAPSHOT.jar:/Users/toobee/.m2/repository/commons-collections/commons-collections/3.2.2/commons-collections-3.2.2.jar:/Users/toobee/.m2/repository/de/tudarmstadt/ukp/dkpro/core/de.tudarmstadt.ukp.dkpro.core.api.frequency-asl/1.10.0/de.tudarmstadt.ukp.dkpro.core.api.frequency-asl-1.10.0.jar:/Users/toobee/.m2/repository/com/google/guava/guava/19.0/guava-19.0.jar:/Users/toobee/.m2/repository/de/tudarmstadt/ukp/dkpro/core/de.tudarmstadt.ukp.dkpro.core.tokit-asl/1.10.0/de.tudarmstadt.ukp.dkpro.core.tokit-asl-1.10.0.jar:/Users/toobee/.m2/repository/commons-jxpath/commons-jxpath/1.3/commons-jxpath-1.3.jar:/Users/toobee/.m2/repository/de/tudarmstadt/ukp/dkpro/core/de.tudarmstadt.ukp.dkpro.core.api.lexmorph-asl/1.10.0/de.tudarmstadt.ukp.dkpro.core.api.lexmorph-asl-1.10.0.jar:/Users/toobee/Documents/Eclipse/lugha-tk/de.unidue.ltl.lugha/lugha-uima/target/lugha-uima-0.1.0-SNAPSHOT.jar:/Users/toobee/.m2/repository/FarasaSegmenterJar/FarasaSegmenterJar/FarasaSegmenterJar/FarasaSegmenterJar-FarasaSegmenterJar.jar:/Users/toobee/.m2/repository/org/tukaani/xz/1.8/xz-1.8.jar:/Users/toobee/.m2/repository/org/dkpro/tc/dkpro-tc-api/1.0.2/dkpro-tc-api-1.0.2.jar:"/>
    <property name="java.vm.vendor" value="Oracle Corporation"/>
    <property name="sun.arch.data.model" value="64"/>
    <property name="java.vendor.url" value="http://java.oracle.com/"/>
    <property name="user.timezone" value="Europe/Berlin"/>
    <property name="java.vm.specification.version" value="1.8"/>
    <property name="os.name" value="Mac OS X"/>
    <property name="user.country" value="DE"/>
    <property name="sun.java.launcher" value="SUN_STANDARD"/>
    <property name="sun.boot.library.path" value="/Library/Java/JavaVirtualMachines/jdk1.8.0_51.jdk/Contents/Home/jre/lib"/>
    <property name="sun.java.command" value="/Users/toobee/Documents/Eclipse/lugha-tk/de.unidue.ltl.lugha/lugha-io/target/surefire/surefirebooter4367932215997927972.jar /Users/toobee/Documents/Eclipse/lugha-tk/de.unidue.ltl.lugha/lugha-io/target/surefire 2019-01-10T14-48-04_667-jvmRun1 surefire4361284719080927515tmp surefire_35698176644966616106tmp"/>
    <property name="http.nonProxyHosts" value="local|*.local|169.254/16|*.169.254/16"/>
    <property name="surefire.test.class.path" value="/Users/toobee/Documents/Eclipse/lugha-tk/de.unidue.ltl.lugha/lugha-io/target/test-classes:/Users/toobee/Documents/Eclipse/lugha-tk/de.unidue.ltl.lugha/lugha-io/target/classes:/Users/toobee/.m2/repository/de/tudarmstadt/ukp/dkpro/core/de.tudarmstadt.ukp.dkpro.core.api.io-asl/1.10.0/de.tudarmstadt.ukp.dkpro.core.api.io-asl-1.10.0.jar:/Users/toobee/.m2/repository/org/apache/uima/uimafit-core/2.4.0/uimafit-core-2.4.0.jar:/Users/toobee/.m2/repository/commons-lang/commons-lang/2.6/commons-lang-2.6.jar:/Users/toobee/.m2/repository/commons-logging/commons-logging-api/1.1/commons-logging-api-1.1.jar:/Users/toobee/.m2/repository/org/springframework/spring-context/3.2.16.RELEASE/spring-context-3.2.16.RELEASE.jar:/Users/toobee/.m2/repository/org/springframework/spring-aop/3.2.16.RELEASE/spring-aop-3.2.16.RELEASE.jar:/Users/toobee/.m2/repository/aopalliance/aopalliance/1.0/aopalliance-1.0.jar:/Users/toobee/.m2/repository/org/springframework/spring-expression/3.2.16.RELEASE/spring-expression-3.2.16.RELEASE.jar:/Users/toobee/.m2/repository/org/springframework/spring-beans/3.2.16.RELEASE/spring-beans-3.2.16.RELEASE.jar:/Users/toobee/.m2/repository/org/apache/uima/uimaj-core/2.10.2/uimaj-core-2.10.2.jar:/Users/toobee/.m2/repository/org/springframework/spring-core/3.2.16.RELEASE/spring-core-3.2.16.RELEASE.jar:/Users/toobee/.m2/repository/commons-logging/commons-logging/1.1.3/commons-logging-1.1.3.jar:/Users/toobee/.m2/repository/commons-io/commons-io/2.6/commons-io-2.6.jar:/Users/toobee/.m2/repository/org/apache/commons/commons-lang3/3.8/commons-lang3-3.8.jar:/Users/toobee/.m2/repository/org/apache/ant/ant/1.10.2/ant-1.10.2.jar:/Users/toobee/.m2/repository/org/apache/ant/ant-launcher/1.10.2/ant-launcher-1.10.2.jar:/Users/toobee/.m2/repository/it/unimi/dsi/fastutil/7.0.13/fastutil-7.0.13.jar:/Users/toobee/.m2/repository/de/tudarmstadt/ukp/dkpro/core/de.tudarmstadt.ukp.dkpro.core.api.featurepath-asl/1.10.0/de.tudarmstadt.ukp.dkpro.core.api.featurepath-asl-1.10.0.jar:/Users/toobee/.m2/repository/de/tudarmstadt/ukp/dkpro/core/de.tudarmstadt.ukp.dkpro.core.api.resources-asl/1.10.0/de.tudarmstadt.ukp.dkpro.core.api.resources-asl-1.10.0.jar:/Users/toobee/.m2/repository/org/apache/commons/commons-compress/1.18/commons-compress-1.18.jar:/Users/toobee/.m2/repository/org/apache/maven/maven-model/3.0.5/maven-model-3.0.5.jar:/Users/toobee/.m2/repository/org/apache/ivy/ivy/2.4.0/ivy-2.4.0.jar:/Users/toobee/.m2/repository/org/codehaus/plexus/plexus-utils/2.0.6/plexus-utils-2.0.6.jar:/Users/toobee/.m2/repository/de/tudarmstadt/ukp/dkpro/core/de.tudarmstadt.ukp.dkpro.core.api.metadata-asl/1.10.0/de.tudarmstadt.ukp.dkpro.core.api.metadata-asl-1.10.0.jar:/Users/toobee/.m2/repository/org/apache/uima/uimaj-document-annotation/2.10.2/uimaj-document-annotation-2.10.2.jar:/Users/toobee/.m2/repository/de/tudarmstadt/ukp/dkpro/core/de.tudarmstadt.ukp.dkpro.core.api.segmentation-asl/1.10.0/de.tudarmstadt.ukp.dkpro.core.api.segmentation-asl-1.10.0.jar:/Users/toobee/.m2/repository/de/tudarmstadt/ukp/dkpro/core/de.tudarmstadt.ukp.dkpro.core.api.parameter-asl/1.10.0/de.tudarmstadt.ukp.dkpro.core.api.parameter-asl-1.10.0.jar:/Users/toobee/.m2/repository/eu/openminted/share/annotations/omtd-share-annotations-api/3.0.2.7/omtd-share-annotations-api-3.0.2.7.jar:/Users/toobee/.m2/repository/de/tudarmstadt/ukp/dkpro/core/de.tudarmstadt.ukp.dkpro.core.io.text-asl/1.10.0/de.tudarmstadt.ukp.dkpro.core.io.text-asl-1.10.0.jar:/Users/toobee/.m2/repository/com/ibm/icu/icu4j/61.1/icu4j-61.1.jar:/Users/toobee/Documents/Eclipse/lugha-tk/de.unidue.ltl.lugha/lugha-normalization/target/lugha-normalization-0.1.0-SNAPSHOT.jar:/Users/toobee/Documents/Eclipse/lugha-tk/de.unidue.ltl.lugha/lugha-core/target/lugha-core-0.1.0-SNAPSHOT.jar:/Users/toobee/.m2/repository/junit/junit/4.12/junit-4.12.jar:/Users/toobee/.m2/repository/org/hamcrest/hamcrest-core/1.3/hamcrest-core-1.3.jar:/Users/toobee/Documents/Eclipse/lugha-tk/de.unidue.ltl.lugha/lugha-transliteration/target/lugha-transliteration-0.1.0-SNAPSHOT.jar:/Users/toobee/.m2/repository/commons-collections/commons-collections/3.2.2/commons-collections-3.2.2.jar:/Users/toobee/.m2/repository/de/tudarmstadt/ukp/dkpro/core/de.tudarmstadt.ukp.dkpro.core.api.frequency-asl/1.10.0/de.tudarmstadt.ukp.dkpro.core.api.frequency-asl-1.10.0.jar:/Users/toobee/.m2/repository/com/google/guava/guava/19.0/guava-19.0.jar:/Users/toobee/.m2/repository/de/tudarmstadt/ukp/dkpro/core/de.tudarmstadt.ukp.dkpro.core.tokit-asl/1.10.0/de.tudarmstadt.ukp.dkpro.core.tokit-asl-1.10.0.jar:/Users/toobee/.m2/repository/commons-jxpath/commons-jxpath/1.3/commons-jxpath-1.3.jar:/Users/toobee/.m2/repository/de/tudarmstadt/ukp/dkpro/core/de.tudarmstadt.ukp.dkpro.core.api.lexmorph-asl/1.10.0/de.tudarmstadt.ukp.dkpro.core.api.lexmorph-asl-1.10.0.jar:/Users/toobee/Documents/Eclipse/lugha-tk/de.unidue.ltl.lugha/lugha-uima/target/lugha-uima-0.1.0-SNAPSHOT.jar:/Users/toobee/.m2/repository/FarasaSegmenterJar/FarasaSegmenterJar/FarasaSegmenterJar/FarasaSegmenterJar-FarasaSegmenterJar.jar:/Users/toobee/.m2/repository/org/tukaani/xz/1.8/xz-1.8.jar:/Users/toobee/.m2/repository/org/dkpro/tc/dkpro-tc-api/1.0.2/dkpro-tc-api-1.0.2.jar:"/>
    <property name="sun.cpu.endian" value="little"/>
    <property name="user.home" value="/Users/toobee"/>
    <property name="user.language" value="de"/>
    <property name="java.specification.vendor" value="Oracle Corporation"/>
    <property name="java.home" value="/Library/Java/JavaVirtualMachines/jdk1.8.0_51.jdk/Contents/Home/jre"/>
    <property name="basedir" value="/Users/toobee/Documents/Eclipse/lugha-tk/de.unidue.ltl.lugha/lugha-io"/>
    <property name="file.separator" value="/"/>
    <property name="line.separator" value="&#10;"/>
    <property name="java.vm.specification.vendor" value="Oracle Corporation"/>
    <property name="java.specification.name" value="Java Platform API Specification"/>
    <property name="java.awt.graphicsenv" value="sun.awt.CGraphicsEnvironment"/>
    <property name="surefire.real.class.path" value="/Users/toobee/Documents/Eclipse/lugha-tk/de.unidue.ltl.lugha/lugha-io/target/surefire/surefirebooter4367932215997927972.jar"/>
    <property name="sun.boot.class.path" value="/Library/Java/JavaVirtualMachines/jdk1.8.0_51.jdk/Contents/Home/jre/lib/resources.jar:/Library/Java/JavaVirtualMachines/jdk1.8.0_51.jdk/Contents/Home/jre/lib/rt.jar:/Library/Java/JavaVirtualMachines/jdk1.8.0_51.jdk/Contents/Home/jre/lib/sunrsasign.jar:/Library/Java/JavaVirtualMachines/jdk1.8.0_51.jdk/Contents/Home/jre/lib/jsse.jar:/Library/Java/JavaVirtualMachines/jdk1.8.0_51.jdk/Contents/Home/jre/lib/jce.jar:/Library/Java/JavaVirtualMachines/jdk1.8.0_51.jdk/Contents/Home/jre/lib/charsets.jar:/Library/Java/JavaVirtualMachines/jdk1.8.0_51.jdk/Contents/Home/jre/lib/jfr.jar:/Library/Java/JavaVirtualMachines/jdk1.8.0_51.jdk/Contents/Home/jre/classes"/>
    <property name="sun.management.compiler" value="HotSpot 64-Bit Tiered Compilers"/>
    <property name="ftp.nonProxyHosts" value="local|*.local|169.254/16|*.169.254/16"/>
    <property name="java.runtime.version" value="1.8.0_51-b16"/>
    <property name="user.name" value="toobee"/>
    <property name="path.separator" value=":"/>
    <property name="os.version" value="10.14.2"/>
    <property name="java.endorsed.dirs" value="/Library/Java/JavaVirtualMachines/jdk1.8.0_51.jdk/Contents/Home/jre/lib/endorsed"/>
    <property name="java.runtime.name" value="Java(TM) SE Runtime Environment"/>
    <property name="file.encoding" value="UTF-8"/>
    <property name="java.vm.name" value="Java HotSpot(TM) 64-Bit Server VM"/>
    <property name="localRepository" value="/Users/toobee/.m2/repository"/>
    <property name="java.vendor.url.bug" value="http://bugreport.sun.com/bugreport/"/>
    <property name="java.io.tmpdir" value="/var/folders/27/58qs5tsd719b45h_pddbdpvr0000gn/T/"/>
    <property name="java.version" value="1.8.0_51"/>
    <property name="user.dir" value="/Users/toobee/Documents/Eclipse/lugha-tk/de.unidue.ltl.lugha/lugha-io"/>
    <property name="os.arch" value="x86_64"/>
    <property name="java.vm.specification.name" value="Java Virtual Machine Specification"/>
    <property name="java.awt.printerjob" value="sun.lwawt.macosx.CPrinterJob"/>
    <property name="sun.os.patch.level" value="unknown"/>
    <property name="java.library.path" value="/Users/toobee/Library/Java/Extensions:/Library/Java/Extensions:/Network/Library/Java/Extensions:/System/Library/Java/Extensions:/usr/lib/java:."/>
    <property name="java.vm.info" value="mixed mode"/>
    <property name="java.vendor" value="Oracle Corporation"/>
    <property name="java.vm.version" value="25.51-b03"/>
    <property name="java.ext.dirs" value="/Users/toobee/Library/Java/Extensions:/Library/Java/JavaVirtualMachines/jdk1.8.0_51.jdk/Contents/Home/jre/lib/ext:/Library/Java/Extensions:/Network/Library/Java/Extensions:/System/Library/Java/Extensions:/usr/lib/java"/>
    <property name="sun.io.unicode.encoding" value="UnicodeBig"/>
    <property name="java.class.version" value="52.0"/>
    <property name="socksNonProxyHosts" value="local|*.local|169.254/16|*.169.254/16"/>
  </properties>
  <testcase name="testFullyDiacritizedWordCheck2" classname="de.unidue.ltl.lugha.io.FullyDiacritizedWordCheckTest" time="0.003"/>
  <testcase name="testFullyDiacritizedWordCheckCounts" classname="de.unidue.ltl.lugha.io.FullyDiacritizedWordCheckTest" time="0.02"/>
</testsuite>